This file contains any messages produced by compilers while
running configure, to aid debugging if configure makes a mistake.

It was created by RISC-V Proxy Kernel configure ?, which was
generated by GNU Autoconf 2.69.195-487d6.  Invocation command line was

  $ ../riscv-pk/configure --host=riscv64-unknown-elf --with-dtb=riscv_fpga.dtb --with-payload=/mnt/d/cygwin64/home/shinbokuow/rCore-Tutorial/bbl/../os/target/riscv64imac-unknown-none-elf/debug/kernel.bin --enable-logo --with-logo=../configs/logo.txt --enable-print-device-tree

## --------- ##
## Platform. ##
## --------- ##

hostname = LAPTOP-NUL4NQC9
uname -m = x86_64
uname -r = 4.4.0-19041-Microsoft
uname -s = Linux
uname -v = #1-Microsoft Fri Dec 06 14:06:00 PST 2019

/usr/bin/uname -p = x86_64
/bin/uname -X     = unknown

/bin/arch              = x86_64
/usr/bin/arch -k       = unknown
/usr/convex/getsysinfo = unknown
/usr/bin/hostinfo      = unknown
/bin/machine           = unknown
/usr/bin/oslevel       = unknown
/bin/universe          = unknown

PATH: /home/shinbokuow/riscv64-unknown-elf-gcc-8.3.0-2020.04.1-x86_64-linux-ubuntu14/bin/bin/
PATH: /home/shinbokuow/.cargo/bin/
PATH: /home/shinbokuow/anaconda3/bin/
PATH: /home/shinbokuow/anaconda3/condabin/
PATH: /usr/local/sbin/
PATH: /usr/local/bin/
PATH: /usr/sbin/
PATH: /usr/bin/
PATH: /sbin/
PATH: /bin/
PATH: /usr/games/
PATH: /usr/local/games/
PATH: /mnt/c/Program Files/VanDyke Software/Clients/
PATH: /mnt/c/Windows/system32/
PATH: /mnt/c/Windows/
PATH: /mnt/c/Windows/System32/Wbem/
PATH: /mnt/c/Windows/System32/WindowsPowerShell/v1.0/
PATH: /mnt/c/Windows/System32/OpenSSH/
PATH: /mnt/c/Program Files (x86)/NVIDIA Corporation/PhysX/Common/
PATH: /mnt/c/Program Files/NVIDIA Corporation/NVIDIA NvDLISR/
PATH: /mnt/c/WINDOWS/system32/
PATH: /mnt/c/WINDOWS/
PATH: /mnt/c/WINDOWS/System32/Wbem/
PATH: /mnt/c/WINDOWS/System32/WindowsPowerShell/v1.0/
PATH: /mnt/c/WINDOWS/System32/OpenSSH/
PATH: /mnt/d/Program Files/Git/cmd/
PATH: /mnt/c/Program Files/nodejs/
PATH: /mnt/c/Program Files/SourceGear/Common/DiffMerge/
PATH: /mnt/c/Users/shinbokuow/AppData/Local/Programs/Python/Python38/Scripts/
PATH: /mnt/c/Users/shinbokuow/AppData/Local/Programs/Python/Python38/
PATH: /mnt/c/Users/shinbokuow/.cargo/bin/
PATH: /mnt/c/Users/shinbokuow/AppData/Local/Microsoft/WindowsApps/
PATH: /mnt/d/Program Files/JetBrains/CLion 2020.1.2/bin/
PATH: /mnt/c/Users/shinbokuow/AppData/Roaming/npm/
PATH: /mnt/d/texlive/2020/bin/win32/
PATH: /mnt/c/Users/shinbokuow/AppData/Local/Programs/Microsoft VS Code/bin/
PATH: /snap/bin/
PATH: /home/shinbokuow/riscv64-unknown-elf-gcc-8.3.0-2020.04.1-x86_64-linux-ubuntu14/bin/
PATH: /home/shinbokuow/riscv-qemu-4.2.0-2020.04.0-x86_64-linux-ubuntu14/bin/
PATH: /home/shinbokuow/riscv64-linux-musl-cross/bin/


## ----------- ##
## Core tests. ##
## ----------- ##

configure:1962: checking build system type
configure:1977: result: x86_64-pc-linux-gnu
configure:1997: checking host system type
configure:2011: result: riscv64-unknown-elf
configure:2044: checking for riscv64-unknown-elf-gcc
configure:2065: found /home/shinbokuow/riscv64-unknown-elf-gcc-8.3.0-2020.04.1-x86_64-linux-ubuntu14/bin/riscv64-unknown-elf-gcc
configure:2076: result: riscv64-unknown-elf-gcc
configure:2474: checking for C compiler version
configure:2483: riscv64-unknown-elf-gcc --version >&5
riscv64-unknown-elf-gcc (SiFive GCC 8.3.0-2020.04.1) 8.3.0
Copyright (C) 2018 Free Software Foundation, Inc.
This is free software; see the source for copying conditions.  There is NO
warranty; not even for MERCHANTABILITY or FITNESS FOR A PARTICULAR PURPOSE.

configure:2494: $? = 0
configure:2483: riscv64-unknown-elf-gcc -v >&5
Using built-in specs.
COLLECT_GCC=riscv64-unknown-elf-gcc
COLLECT_LTO_WRAPPER=/home/shinbokuow/riscv64-unknown-elf-gcc-8.3.0-2020.04.1-x86_64-linux-ubuntu14/bin/../libexec/gcc/riscv64-unknown-elf/8.3.0/lto-wrapper
Target: riscv64-unknown-elf
Configured with: /scratch/jenkins/workspace/tpp-freedom-tools/tpp03--build-binary-packages--parameterized/obj/x86_64-linux-ubuntu14/build/riscv-gnu-toolchain/riscv-gcc/configure --target=riscv64-unknown-elf --host=x86_64-linux-gnu --prefix=/scratch/jenkins/workspace/tpp-freedom-tools/tpp03--build-binary-packages--parameterized/obj/x86_64-linux-ubuntu14/install/riscv64-unknown-elf-gcc-8.3.0-2020.04.1-x86_64-linux-ubuntu14 --with-pkgversion='SiFive GCC 8.3.0-2020.04.1' --with-bugurl=https://github.com/sifive/freedom-tools/issues --disable-shared --disable-threads --enable-languages=c,c++ --enable-tls --with-newlib --with-sysroot=/scratch/jenkins/workspace/tpp-freedom-tools/tpp03--build-binary-packages--parameterized/obj/x86_64-linux-ubuntu14/install/riscv64-unknown-elf-gcc-8.3.0-2020.04.1-x86_64-linux-ubuntu14/riscv64-unknown-elf --with-native-system-header-dir=/include --disable-libmudflap --disable-libssp --disable-libquadmath --disable-libgomp --disable-nls --disable-tm-clone-registry --src=../riscv-gcc --with-system-zlib --enable-checking=yes --enable-multilib --with-abi=lp64d --with-arch=rv64imafdc CFLAGS=-O2 CXXFLAGS=-O2 'CFLAGS_FOR_TARGET=-Os  -mcmodel=medany' 'CXXFLAGS_FOR_TARGET=-Os  -mcmodel=medany'
Thread model: single
gcc version 8.3.0 (SiFive GCC 8.3.0-2020.04.1) 
configure:2494: $? = 0
configure:2483: riscv64-unknown-elf-gcc -V >&5
riscv64-unknown-elf-gcc: error: unrecognized command line option '-V'
riscv64-unknown-elf-gcc: fatal error: no input files
compilation terminated.
configure:2494: $? = 1
configure:2483: riscv64-unknown-elf-gcc -qversion >&5
riscv64-unknown-elf-gcc: error: unrecognized command line option '-qversion'; did you mean '--version'?
riscv64-unknown-elf-gcc: fatal error: no input files
compilation terminated.
configure:2494: $? = 1
configure:2483: riscv64-unknown-elf-gcc -version >&5
riscv64-unknown-elf-gcc: error: unrecognized command line option '-version'
riscv64-unknown-elf-gcc: fatal error: no input files
compilation terminated.
configure:2494: $? = 1
configure:2514: checking whether the C compiler works
configure:2536: riscv64-unknown-elf-gcc    conftest.c  >&5
configure:2540: $? = 0
configure:2590: result: yes
configure:2593: checking for C compiler default output file name
configure:2595: result: a.out
configure:2601: checking for suffix of executables
configure:2608: riscv64-unknown-elf-gcc -o conftest    conftest.c  >&5
configure:2612: $? = 0
configure:2635: result: 
configure:2657: checking whether we are cross compiling
configure:2697: result: yes
configure:2702: checking for suffix of object files
configure:2725: riscv64-unknown-elf-gcc -c   conftest.c >&5
configure:2729: $? = 0
configure:2751: result: o
configure:2755: checking whether the compiler supports GNU C
configure:2775: riscv64-unknown-elf-gcc -c   conftest.c >&5
configure:2775: $? = 0
configure:2785: result: yes
configure:2794: checking whether riscv64-unknown-elf-gcc accepts -g
configure:2815: riscv64-unknown-elf-gcc -c -g  conftest.c >&5
configure:2815: $? = 0
configure:2859: result: yes
configure:2876: checking for riscv64-unknown-elf-gcc option to enable C11 features
configure:3080: riscv64-unknown-elf-gcc  -c -g -O2  conftest.c >&5
configure:3080: $? = 0
configure:3095: result: none needed
configure:3417: checking for riscv64-unknown-elf-g++
configure:3438: found /home/shinbokuow/riscv64-unknown-elf-gcc-8.3.0-2020.04.1-x86_64-linux-ubuntu14/bin/riscv64-unknown-elf-g++
configure:3449: result: riscv64-unknown-elf-g++
configure:3525: checking for C++ compiler version
configure:3534: riscv64-unknown-elf-g++ --version >&5
riscv64-unknown-elf-g++ (SiFive GCC 8.3.0-2020.04.1) 8.3.0
Copyright (C) 2018 Free Software Foundation, Inc.
This is free software; see the source for copying conditions.  There is NO
warranty; not even for MERCHANTABILITY or FITNESS FOR A PARTICULAR PURPOSE.

configure:3545: $? = 0
configure:3534: riscv64-unknown-elf-g++ -v >&5
Using built-in specs.
COLLECT_GCC=riscv64-unknown-elf-g++
COLLECT_LTO_WRAPPER=/home/shinbokuow/riscv64-unknown-elf-gcc-8.3.0-2020.04.1-x86_64-linux-ubuntu14/bin/../libexec/gcc/riscv64-unknown-elf/8.3.0/lto-wrapper
Target: riscv64-unknown-elf
Configured with: /scratch/jenkins/workspace/tpp-freedom-tools/tpp03--build-binary-packages--parameterized/obj/x86_64-linux-ubuntu14/build/riscv-gnu-toolchain/riscv-gcc/configure --target=riscv64-unknown-elf --host=x86_64-linux-gnu --prefix=/scratch/jenkins/workspace/tpp-freedom-tools/tpp03--build-binary-packages--parameterized/obj/x86_64-linux-ubuntu14/install/riscv64-unknown-elf-gcc-8.3.0-2020.04.1-x86_64-linux-ubuntu14 --with-pkgversion='SiFive GCC 8.3.0-2020.04.1' --with-bugurl=https://github.com/sifive/freedom-tools/issues --disable-shared --disable-threads --enable-languages=c,c++ --enable-tls --with-newlib --with-sysroot=/scratch/jenkins/workspace/tpp-freedom-tools/tpp03--build-binary-packages--parameterized/obj/x86_64-linux-ubuntu14/install/riscv64-unknown-elf-gcc-8.3.0-2020.04.1-x86_64-linux-ubuntu14/riscv64-unknown-elf --with-native-system-header-dir=/include --disable-libmudflap --disable-libssp --disable-libquadmath --disable-libgomp --disable-nls --disable-tm-clone-registry --src=../riscv-gcc --with-system-zlib --enable-checking=yes --enable-multilib --with-abi=lp64d --with-arch=rv64imafdc CFLAGS=-O2 CXXFLAGS=-O2 'CFLAGS_FOR_TARGET=-Os  -mcmodel=medany' 'CXXFLAGS_FOR_TARGET=-Os  -mcmodel=medany'
Thread model: single
gcc version 8.3.0 (SiFive GCC 8.3.0-2020.04.1) 
configure:3545: $? = 0
configure:3534: riscv64-unknown-elf-g++ -V >&5
riscv64-unknown-elf-g++: error: unrecognized command line option '-V'
riscv64-unknown-elf-g++: fatal error: no input files
compilation terminated.
configure:3545: $? = 1
configure:3534: riscv64-unknown-elf-g++ -qversion >&5
riscv64-unknown-elf-g++: error: unrecognized command line option '-qversion'; did you mean '--version'?
riscv64-unknown-elf-g++: fatal error: no input files
compilation terminated.
configure:3545: $? = 1
configure:3549: checking whether the compiler supports GNU C++
configure:3569: riscv64-unknown-elf-g++ -c   conftest.cpp >&5
configure:3569: $? = 0
configure:3579: result: yes
configure:3588: checking whether riscv64-unknown-elf-g++ accepts -g
configure:3609: riscv64-unknown-elf-g++ -c -g  conftest.cpp >&5
configure:3609: $? = 0
configure:3653: result: yes
configure:3670: checking for riscv64-unknown-elf-g++ option to enable C++11 features
configure:3907: riscv64-unknown-elf-g++  -c -g -O2  conftest.cpp >&5
configure:3907: $? = 0
configure:3922: result: none needed
configure:4100: checking for riscv64-unknown-elf-ar
configure:4121: found /home/shinbokuow/riscv64-unknown-elf-gcc-8.3.0-2020.04.1-x86_64-linux-ubuntu14/bin/riscv64-unknown-elf-ar
configure:4132: result: riscv64-unknown-elf-ar
configure:4202: checking for riscv64-unknown-elf-ranlib
configure:4223: found /home/shinbokuow/riscv64-unknown-elf-gcc-8.3.0-2020.04.1-x86_64-linux-ubuntu14/bin/riscv64-unknown-elf-ranlib
configure:4234: result: riscv64-unknown-elf-ranlib
configure:4304: checking for riscv64-unknown-elf-readelf
configure:4325: found /home/shinbokuow/riscv64-unknown-elf-gcc-8.3.0-2020.04.1-x86_64-linux-ubuntu14/bin/riscv64-unknown-elf-readelf
configure:4336: result: riscv64-unknown-elf-readelf
configure:4406: checking for riscv64-unknown-elf-objcopy
configure:4427: found /home/shinbokuow/riscv64-unknown-elf-gcc-8.3.0-2020.04.1-x86_64-linux-ubuntu14/bin/riscv64-unknown-elf-objcopy
configure:4438: result: riscv64-unknown-elf-objcopy
configure:4527: checking for a BSD-compatible install
configure:4600: result: /usr/bin/install -c
configure:4751: checking for sys/types.h
configure:4751: riscv64-unknown-elf-gcc -c -g -O2  conftest.c >&5
configure:4751: $? = 0
configure:4751: result: yes
configure:4751: checking for sys/stat.h
configure:4751: riscv64-unknown-elf-gcc -c -g -O2  conftest.c >&5
configure:4751: $? = 0
configure:4751: result: yes
configure:4751: checking for strings.h
configure:4751: riscv64-unknown-elf-gcc -c -g -O2  conftest.c >&5
configure:4751: $? = 0
configure:4751: result: yes
configure:4751: checking for inttypes.h
configure:4751: riscv64-unknown-elf-gcc -c -g -O2  conftest.c >&5
configure:4751: $? = 0
configure:4751: result: yes
configure:4751: checking for stdint.h
configure:4751: riscv64-unknown-elf-gcc -c -g -O2  conftest.c >&5
configure:4751: $? = 0
configure:4751: result: yes
configure:4751: checking for unistd.h
configure:4751: riscv64-unknown-elf-gcc -c -g -O2  conftest.c >&5
configure:4751: $? = 0
configure:4751: result: yes
configure:4876: configuring default subproject : pk
configure:4937: configuring default subproject : bbl
configure:5081: configuring default subproject : softfloat
configure:5126: configuring default subproject : dummy_payload
configure:5171: configuring default subproject : machine
configure:5232: configuring default subproject : util
configure:5386: creating ./config.status

## ---------------------- ##
## Running config.status. ##
## ---------------------- ##

This file was extended by RISC-V Proxy Kernel config.status ?, which was
generated by GNU Autoconf 2.69.195-487d6.  Invocation command line was

  CONFIG_FILES    = 
  CONFIG_HEADERS  = 
  CONFIG_LINKS    = 
  CONFIG_COMMANDS = 
  $ ./config.status 

on LAPTOP-NUL4NQC9

config.status:6304: creating pk.mk
config.status:6304: creating bbl.mk
config.status:6304: creating softfloat.mk
config.status:6304: creating dummy_payload.mk
config.status:6304: creating machine.mk
config.status:6304: creating util.mk
config.status:6304: creating Makefile
config.status:6304: creating config.h
config.status:6477: config.h is unchanged

## ---------------- ##
## Cache variables. ##
## ---------------- ##

ac_cv_build='x86_64-pc-linux-gnu'
ac_cv_c_compiler_gnu='yes'
ac_cv_cxx_compiler_gnu='yes'
ac_cv_env_CCC_set=''
ac_cv_env_CCC_value=''
ac_cv_env_CC_set=''
ac_cv_env_CC_value=''
ac_cv_env_CFLAGS_set=''
ac_cv_env_CFLAGS_value=''
ac_cv_env_CPPFLAGS_set=''
ac_cv_env_CPPFLAGS_value=''
ac_cv_env_CXXFLAGS_set=''
ac_cv_env_CXXFLAGS_value=''
ac_cv_env_CXX_set=''
ac_cv_env_CXX_value=''
ac_cv_env_LDFLAGS_set=''
ac_cv_env_LDFLAGS_value=''
ac_cv_env_LIBS_set=''
ac_cv_env_LIBS_value=''
ac_cv_env_RISCV_set='set'
ac_cv_env_RISCV_value='/home/shinbokuow/riscv64-unknown-elf-gcc-8.3.0-2020.04.1-x86_64-linux-ubuntu14/bin/'
ac_cv_env_STOW_PREFIX_set=''
ac_cv_env_STOW_PREFIX_value=''
ac_cv_env_STOW_ROOT_set=''
ac_cv_env_STOW_ROOT_value=''
ac_cv_env_build_alias_set=''
ac_cv_env_build_alias_value=''
ac_cv_env_host_alias_set='set'
ac_cv_env_host_alias_value='riscv64-unknown-elf'
ac_cv_env_target_alias_set=''
ac_cv_env_target_alias_value=''
ac_cv_header_inttypes_h='yes'
ac_cv_header_stdint_h='yes'
ac_cv_header_strings_h='yes'
ac_cv_header_sys_stat_h='yes'
ac_cv_header_sys_types_h='yes'
ac_cv_header_unistd_h='yes'
ac_cv_host='riscv64-unknown-elf'
ac_cv_objext='o'
ac_cv_path_install='/usr/bin/install -c'
ac_cv_prog_AR='riscv64-unknown-elf-ar'
ac_cv_prog_CC='riscv64-unknown-elf-gcc'
ac_cv_prog_CXX='riscv64-unknown-elf-g++'
ac_cv_prog_OBJCOPY='riscv64-unknown-elf-objcopy'
ac_cv_prog_RANLIB='riscv64-unknown-elf-ranlib'
ac_cv_prog_READELF='riscv64-unknown-elf-readelf'
ac_cv_prog_cc_c11=''
ac_cv_prog_cc_g='yes'
ac_cv_prog_cc_stdc=''
ac_cv_prog_cxx_cxx11=''
ac_cv_prog_cxx_cxx98=''
ac_cv_prog_cxx_g='yes'
ac_cv_prog_cxx_stdcxx=''

## ----------------- ##
## Output variables. ##
## ----------------- ##

AR='riscv64-unknown-elf-ar'
BBL_ENABLE_LOGO=''
BBL_LOGO_FILE='../configs/logo.txt'
BBL_PAYLOAD='/mnt/d/cygwin64/home/shinbokuow/rCore-Tutorial/bbl/../os/target/riscv64imac-unknown-none-elf/debug/kernel.bin'
BBL_PAYLOAD_DTB='riscv_fpga.dtb'
CC='riscv64-unknown-elf-gcc'
CFLAGS='-Wall -Werror -D__NO_INLINE__ -mcmodel=medany -O2 -std=gnu99 -Wno-unused -Wno-attributes -fno-delete-null-pointer-checks -fno-PIE'
CONFIG_DUMMY_UART='0'
CONFIG_WITH_DMR='0'
CONFIG_WITH_DTB='1'
CPPFLAGS=''
CXX='riscv64-unknown-elf-g++'
CXXFLAGS='-g -O2'
DEFS='-DHAVE_CONFIG_H'
ECHO_C=''
ECHO_N='-n'
ECHO_T=''
EXEEXT=''
INSTALL_DATA='${INSTALL} -m 644'
INSTALL_PROGRAM='${INSTALL}'
INSTALL_SCRIPT='${INSTALL}'
LDFLAGS=' -Wl,--build-id=none'
LIBOBJS=''
LIBS='-lgcc'
LTLIBOBJS=''
OBJCOPY='riscv64-unknown-elf-objcopy'
OBJEXT='o'
PACKAGE_BUGREPORT='Andrew Waterman'
PACKAGE_NAME='RISC-V Proxy Kernel'
PACKAGE_STRING='RISC-V Proxy Kernel ?'
PACKAGE_TARNAME='riscv-pk'
PACKAGE_URL=''
PACKAGE_VERSION='?'
PATH_SEPARATOR=':'
RANLIB='riscv64-unknown-elf-ranlib'
READELF='riscv64-unknown-elf-readelf'
RISCV='/home/shinbokuow/riscv64-unknown-elf-gcc-8.3.0-2020.04.1-x86_64-linux-ubuntu14/bin/'
SHELL='/bin/sh'
STOW_PREFIX=''
STOW_ROOT=''
WITH_ARCH=''
ac_ct_CC=''
ac_ct_CXX=''
bindir='${exec_prefix}/bin'
build='x86_64-pc-linux-gnu'
build_alias=''
build_cpu='x86_64'
build_os='linux-gnu'
build_vendor='pc'
datadir='${datarootdir}'
datarootdir='${prefix}/share'
docdir='${datarootdir}/doc/${PACKAGE_TARNAME}'
dvidir='${docdir}'
enable_stow='no'
exec_prefix='${prefix}'
host='riscv64-unknown-elf'
host_alias='riscv64-unknown-elf'
host_cpu='riscv64'
host_os='elf'
host_vendor='unknown'
htmldir='${docdir}'
includedir='${prefix}/include'
infodir='${datarootdir}/info'
libdir='${exec_prefix}/lib'
libexecdir='${exec_prefix}/libexec'
localedir='${datarootdir}/locale'
localstatedir='${prefix}/var'
mandir='${datarootdir}/man'
oldincludedir='/usr/include'
pdfdir='${docdir}'
prefix='/usr/local'
program_transform_name='s,x,x,'
psdir='${docdir}'
runstatedir='${localstatedir}/run'
sbindir='${exec_prefix}/sbin'
sharedstatedir='${prefix}/com'
stow=''
subprojects=' pk bbl softfloat dummy_payload machine util'
subprojects_enabled=' pk bbl softfloat dummy_payload machine util'
sysconfdir='${prefix}/etc'
target_alias=''

## ----------- ##
## confdefs.h. ##
## ----------- ##

/* confdefs.h */
#define PACKAGE_NAME "RISC-V Proxy Kernel"
#define PACKAGE_TARNAME "riscv-pk"
#define PACKAGE_VERSION "?"
#define PACKAGE_STRING "RISC-V Proxy Kernel ?"
#define PACKAGE_BUGREPORT "Andrew Waterman"
#define PACKAGE_URL ""
#define HAVE_SYS_TYPES_H 1
#define HAVE_SYS_STAT_H 1
#define HAVE_STRINGS_H 1
#define HAVE_INTTYPES_H 1
#define HAVE_STDINT_H 1
#define HAVE_UNISTD_H 1
#define HAVE_STDLIB_H 1
#define HAVE_STRING_H 1
#define STDC_HEADERS 1
#define PK_PRINT_DEVICE_TREE /**/
#define PK_ENABLED /**/
#define PK_ENABLE_VM /**/
#define BBL_ENABLED /**/
#define RELAXED_ALIGNMENT 0
#define SOFTFLOAT_ENABLED /**/
#define DUMMY_PAYLOAD_ENABLED /**/
#define MACHINE_ENABLED /**/
#define PK_ENABLE_FP_EMULATION /**/
#define UTIL_ENABLED /**/

configure: exit 0
